<?xml version="1.0" encoding="UTF-8"?>
<!-- Generated by org.testng.reporters.JUnitReportReporter -->
<testsuite hostname="IN0DSINGH" failures="0" tests="1" name="testRunners.TestGoogle" time="24.823" errors="0" timestamp="2023-10-10T13:20:07 IST" skipped="0">
  <testcase classname="testRunners.TestGoogle" name="m1" time="24.823"/>
</testsuite> <!-- testRunners.TestGoogle -->
