<?xml version="1.0" encoding="UTF-8"?>
<!-- Generated by org.testng.reporters.JUnitReportReporter -->
<testsuite hostname="IN0DSINGH" failures="0" tests="1" name="testRunners.TestRunner" time="24.023" errors="0" timestamp="2023-10-10T10:36:32 IST" skipped="0">
  <testcase classname="testRunners.TestRunner" name="runScenario" time="24.023"/>
</testsuite> <!-- testRunners.TestRunner -->
