<?xml version="1.0" encoding="UTF-8"?>
<!-- Generated by org.testng.reporters.JUnitReportReporter -->
<testsuite hostname="IN0DSINGH" failures="0" tests="1" name="testRunners.TestGoogle" time="36.251" errors="0" timestamp="2023-10-10T14:22:08 IST" skipped="0">
  <testcase classname="testRunners.TestGoogle" name="m1" time="36.251"/>
</testsuite> <!-- testRunners.TestGoogle -->
